<?xml version="1.0" encoding="UTF-8"?>
<!-- Generated by org.testng.reporters.JUnitXMLReporter -->
<testsuite ignored="0" hostname="Admin" failures="0" tests="3" name="Surefire test" time="0.084" errors="0" timestamp="28 дек. 2020 04:52:39 GMT">
  <testcase classname="com.epam.ta.test.PageObjectTest$MaikiWebDriverTest" name="@BeforeMethod start" time="0.05">
    <failure type="java.lang.IllegalStateException" message="The driver executable does not exist: C:\Users\vladb\Desktop\github-automation-master\java\GitHubAutomation\src\test\resources\chromedriver.exe">
      <![CDATA[java.lang.IllegalStateException: The driver executable does not exist: C:\Users\vladb\Desktop\github-automation-master\java\GitHubAutomation\src\test\resources\chromedriver.exe
at com.google.common.base.Preconditions.checkState(Preconditions.java:585)
at org.openqa.selenium.remote.service.DriverService.checkExecutable(DriverService.java:137)
at org.openqa.selenium.remote.service.DriverService.findExecutable(DriverService.java:132)
at org.openqa.selenium.chrome.ChromeDriverService.access$000(ChromeDriverService.java:35)
at org.openqa.selenium.chrome.ChromeDriverService$Builder.findDefaultExecutable(ChromeDriverService.java:159)
at org.openqa.selenium.remote.service.DriverService$Builder.build(DriverService.java:346)
at org.openqa.selenium.chrome.ChromeDriverService.createDefaultService(ChromeDriverService.java:94)
at org.openqa.selenium.chrome.ChromeDriver.<init>(ChromeDriver.java:123)
at com.epam.ta.test.PageObjectTest$MaikiWebDriverTest.start(PageObjectTest.java:21)
... Removed 33 stack frames]]>
    </failure>
  </testcase> <!-- @BeforeMethod start -->
  <testcase classname="com.epam.ta.test.PageObjectTest$MaikiWebDriverTest" name="@AfterMethod end" time="0.0">
    <failure type="java.lang.NullPointerException">
      <![CDATA[java.lang.NullPointerException
at com.epam.ta.test.PageObjectTest$MaikiWebDriverTest.end(PageObjectTest.java:57)
... Removed 33 stack frames]]>
    </failure>
  </testcase> <!-- @AfterMethod end -->
  <testcase classname="com.epam.ta.test.PageObjectTest$MaikiWebDriverTest" name="@BeforeMethod start" time="0.005">
    <failure type="java.lang.IllegalStateException" message="The driver executable does not exist: C:\Users\vladb\Desktop\github-automation-master\java\GitHubAutomation\src\test\resources\chromedriver.exe">
      <![CDATA[java.lang.IllegalStateException: The driver executable does not exist: C:\Users\vladb\Desktop\github-automation-master\java\GitHubAutomation\src\test\resources\chromedriver.exe
at com.google.common.base.Preconditions.checkState(Preconditions.java:585)
at org.openqa.selenium.remote.service.DriverService.checkExecutable(DriverService.java:137)
at org.openqa.selenium.remote.service.DriverService.findExecutable(DriverService.java:132)
at org.openqa.selenium.chrome.ChromeDriverService.access$000(ChromeDriverService.java:35)
at org.openqa.selenium.chrome.ChromeDriverService$Builder.findDefaultExecutable(ChromeDriverService.java:159)
at org.openqa.selenium.remote.service.DriverService$Builder.build(DriverService.java:346)
at org.openqa.selenium.chrome.ChromeDriverService.createDefaultService(ChromeDriverService.java:94)
at org.openqa.selenium.chrome.ChromeDriver.<init>(ChromeDriver.java:123)
at com.epam.ta.test.PageObjectTest$MaikiWebDriverTest.start(PageObjectTest.java:21)
... Removed 33 stack frames]]>
    </failure>
  </testcase> <!-- @BeforeMethod start -->
  <testcase classname="com.epam.ta.test.PageObjectTest$MaikiWebDriverTest" name="@AfterMethod end" time="0.0">
    <failure type="java.lang.NullPointerException">
      <![CDATA[java.lang.NullPointerException
at com.epam.ta.test.PageObjectTest$MaikiWebDriverTest.end(PageObjectTest.java:57)
... Removed 33 stack frames]]>
    </failure>
  </testcase> <!-- @AfterMethod end -->
  <testcase classname="com.epam.ta.test.CommonConditions" name="@BeforeMethod setUp" time="0.001">
    <failure type="java.lang.NullPointerException">
      <![CDATA[java.lang.NullPointerException
at com.epam.ta.driver.DriverSingleton.getDriver(DriverSingleton.java:17)
at com.epam.ta.test.CommonConditions.setUp(CommonConditions.java:18)
... Removed 33 stack frames]]>
    </failure>
  </testcase> <!-- @BeforeMethod setUp -->
  <testcase classname="com.epam.ta.test.CommonConditions" name="@AfterMethod stopBrowser" time="0.0">
    <failure type="java.lang.NullPointerException">
      <![CDATA[java.lang.NullPointerException
at com.epam.ta.driver.DriverSingleton.closeDriver(DriverSingleton.java:33)
at com.epam.ta.test.CommonConditions.stopBrowser(CommonConditions.java:24)
... Removed 33 stack frames]]>
    </failure>
  </testcase> <!-- @AfterMethod stopBrowser -->
  <testcase classname="com.epam.ta.test.PageObjectTest$MaikiWebDriverTest" name="testBasket" time="0.001">
    <skipped/>
  </testcase> <!-- testBasket -->
  <testcase classname="com.epam.ta.test.PageObjectTest$MaikiWebDriverTest" name="testFavorites" time="0.0">
    <skipped/>
  </testcase> <!-- testFavorites -->
  <testcase classname="com.epam.ta.test.UserAccessTests" name="oneCanLoginMaiki" time="0.0">
    <skipped/>
  </testcase> <!-- oneCanLoginMaiki -->
</testsuite> <!-- Surefire test -->
